app/build/outputs/logs/manifest-merger-debug-report.txt
-- Merging decision tree log ---
manifest
ADDED from src\main\AndroidManifest.xml:2:1-271:12
INJECTED from src\main\AndroidManifest.xml:2:1-271:12
MERGED from [com.android.support:appcompat-v7:23.1.0] AndroidManifest.xml:17:1-24:12
MERGED from [com.android.support:support-v4:23.1.0] AndroidManifest.xml:17:1-24:12
INJECTED from src\main\AndroidManifest.xml:2:1-271:12
	package
		ADDED from src\main\AndroidManifest.xml:3:5-26
		INJECTED from src\main\AndroidManifest.xml
		INJECTED from src\main\AndroidManifest.xml
	xmlns:android
		ADDED from src\main\AndroidManifest.xml:2:11-69
uses-permission#android.permission.WRITE_SETTINGS
ADDED from src\main\AndroidManifest.xml:5:5-73
	android:name
		ADDED from src\main\AndroidManifest.xml:5:22-70
uses-permission#android.permission.VIBRATE
ADDED from src\main\AndroidManifest.xml:6:5-65
	android:name
		ADDED from src\main\AndroidManifest.xml:6:22-63
uses-permission#android.permission.READ_EXTERNAL_STORAGE
ADDED from src\main\AndroidManifest.xml:7:5-80
	android:name
		ADDED from src\main\AndroidManifest.xml:7:22-77
uses-permission#android.permission.WRITE_EXTERNAL_STORAGE
ADDED from src\main\AndroidManifest.xml:8:5-80
	android:name
		ADDED from src\main\AndroidManifest.xml:8:22-78
uses-permission#android.permission.INTERNET
ADDED from src\main\AndroidManifest.xml:9:5-66
	android:name
		ADDED from src\main\AndroidManifest.xml:9:22-64
application
ADDED from src\main\AndroidManifest.xml:11:5-269:19
MERGED from [com.android.support:appcompat-v7:23.1.0] AndroidManifest.xml:22:5-20
MERGED from [com.android.support:appcompat-v7:23.1.0] AndroidManifest.xml:22:5-20
MERGED from [com.android.support:support-v4:23.1.0] AndroidManifest.xml:22:5-20
MERGED from [com.android.support:support-v4:23.1.0] AndroidManifest.xml:22:5-20
	android:label
		ADDED from src\main\AndroidManifest.xml:14:9-41
	android:icon
		ADDED from src\main\AndroidManifest.xml:13:9-45
	android:allowBackup
		ADDED from src\main\AndroidManifest.xml:12:9-35
	android:theme
		ADDED from src\main\AndroidManifest.xml:15:9-44
activity#game.Typing.SetIpAndId
ADDED from src\main\AndroidManifest.xml:16:10-30:20
	android:screenOrientation
		ADDED from src\main\AndroidManifest.xml:22:14-50
	android:label
		ADDED from src\main\AndroidManifest.xml:19:14-46
	android:windowSoftInputMode
		ADDED from src\main\AndroidManifest.xml:23:14-56
	android:noHistory
		ADDED from src\main\AndroidManifest.xml:21:14-38
	android:configChanges
		ADDED from src\main\AndroidManifest.xml:18:13-48
	android:theme
		ADDED from src\main\AndroidManifest.xml:20:14-73
	android:name
		ADDED from src\main\AndroidManifest.xml:17:13-50
intent-filter#action:name:android.intent.action.MAIN+category:name:android.intent.category.LAUNCHER
ADDED from src\main\AndroidManifest.xml:25:13-29:29
action#android.intent.action.MAIN
ADDED from src\main\AndroidManifest.xml:26:17-69
	android:name
		ADDED from src\main\AndroidManifest.xml:26:25-66
category#android.intent.category.LAUNCHER
ADDED from src\main\AndroidManifest.xml:28:17-77
	android:name
		ADDED from src\main\AndroidManifest.xml:28:27-74
activity#game.Typing.KB
ADDED from src\main\AndroidManifest.xml:32:9-50:20
	android:screenOrientation
		ADDED from src\main\AndroidManifest.xml:39:13-49
	android:parentActivityName
		ADDED from src\main\AndroidManifest.xml:38:13-64
	android:label
		ADDED from src\main\AndroidManifest.xml:35:13-60
	android:windowSoftInputMode
		ADDED from src\main\AndroidManifest.xml:40:13-55
	android:noHistory
		ADDED from src\main\AndroidManifest.xml:36:13-37
	android:configChanges
		ADDED from src\main\AndroidManifest.xml:34:13-48
	android:theme
		ADDED from src\main\AndroidManifest.xml:37:13-72
	android:name
		ADDED from src\main\AndroidManifest.xml:33:13-42
meta-data#android.support.PARENT_ACTIVITY
ADDED from src\main\AndroidManifest.xml:42:13-44:58
	android:value
		ADDED from src\main\AndroidManifest.xml:44:17-55
	android:name
		ADDED from src\main\AndroidManifest.xml:43:17-63
intent-filter#action:name:game.MarathiUT.KB+category:name:android.intent.category.DEFAULT
ADDED from src\main\AndroidManifest.xml:45:13-49:29
action#game.MarathiUT.KB
ADDED from src\main\AndroidManifest.xml:46:17-60
	android:name
		ADDED from src\main\AndroidManifest.xml:46:25-57
category#android.intent.category.DEFAULT
ADDED from src\main\AndroidManifest.xml:48:17-76
	android:name
		ADDED from src\main\AndroidManifest.xml:48:27-73
activity#game.Typing.Firstscreen
ADDED from src\main\AndroidManifest.xml:52:10-63:20
	android:screenOrientation
		ADDED from src\main\AndroidManifest.xml:56:13-49
	android:label
		ADDED from src\main\AndroidManifest.xml:55:13-45
	android:configChanges
		ADDED from src\main\AndroidManifest.xml:54:13-48
	android:name
		ADDED from src\main\AndroidManifest.xml:53:13-51
intent-filter#action:name:game.MarathiUT.FIRSTSCREEN+category:name:android.intent.category.DEFAULT
ADDED from src\main\AndroidManifest.xml:58:13-62:29
action#game.MarathiUT.FIRSTSCREEN
ADDED from src\main\AndroidManifest.xml:59:17-69
	android:name
		ADDED from src\main\AndroidManifest.xml:59:25-66
activity#game.Typing.SchoolSelection
ADDED from src\main\AndroidManifest.xml:64:10-76:20
	android:screenOrientation
		ADDED from src\main\AndroidManifest.xml:68:13-49
	android:label
		ADDED from src\main\AndroidManifest.xml:67:13-45
	android:configChanges
		ADDED from src\main\AndroidManifest.xml:66:13-48
	android:name
		ADDED from src\main\AndroidManifest.xml:65:13-55
intent-filter#action:name:game.MarathiUT.SCHOOLSELECTION+category:name:android.intent.category.DEFAULT
ADDED from src\main\AndroidManifest.xml:71:13-75:29
action#game.MarathiUT.SCHOOLSELECTION
ADDED from src\main\AndroidManifest.xml:72:17-73
	android:name
		ADDED from src\main\AndroidManifest.xml:72:25-70
activity#game.Typing.Login
ADDED from src\main\AndroidManifest.xml:77:9-94:20
	android:screenOrientation
		ADDED from src\main\AndroidManifest.xml:83:13-49
	android:parentActivityName
		ADDED from src\main\AndroidManifest.xml:82:13-65
	android:label
		ADDED from src\main\AndroidManifest.xml:80:13-57
	android:noHistory
		ADDED from src\main\AndroidManifest.xml:81:13-37
	android:configChanges
		ADDED from src\main\AndroidManifest.xml:79:13-48
	android:name
		ADDED from src\main\AndroidManifest.xml:78:13-45
intent-filter#action:name:game.MarathiUT.LOGIN+category:name:android.intent.category.DEFAULT
ADDED from src\main\AndroidManifest.xml:89:13-93:29
action#game.MarathiUT.LOGIN
ADDED from src\main\AndroidManifest.xml:90:17-63
	android:name
		ADDED from src\main\AndroidManifest.xml:90:25-60
activity#game.Typing.Register
ADDED from src\main\AndroidManifest.xml:95:9-112:20
	android:screenOrientation
		ADDED from src\main\AndroidManifest.xml:101:13-49
	android:parentActivityName
		ADDED from src\main\AndroidManifest.xml:100:13-65
	android:label
		ADDED from src\main\AndroidManifest.xml:98:13-60
	android:noHistory
		ADDED from src\main\AndroidManifest.xml:99:13-37
	android:configChanges
		ADDED from src\main\AndroidManifest.xml:97:13-48
	android:name
		ADDED from src\main\AndroidManifest.xml:96:13-48
intent-filter#action:name:game.MarathiUT.REGISTER+category:name:android.intent.category.DEFAULT
ADDED from src\main\AndroidManifest.xml:107:13-111:29
action#game.MarathiUT.REGISTER
ADDED from src\main\AndroidManifest.xml:108:17-66
	android:name
		ADDED from src\main\AndroidManifest.xml:108:25-63
activity#game.Typing.Session
ADDED from src\main\AndroidManifest.xml:113:9-130:20
	android:screenOrientation
		ADDED from src\main\AndroidManifest.xml:119:13-49
	android:parentActivityName
		ADDED from src\main\AndroidManifest.xml:118:13-65
	android:label
		ADDED from src\main\AndroidManifest.xml:116:13-59
	android:noHistory
		ADDED from src\main\AndroidManifest.xml:117:13-37
	android:configChanges
		ADDED from src\main\AndroidManifest.xml:115:13-48
	android:name
		ADDED from src\main\AndroidManifest.xml:114:13-47
intent-filter#action:name:game.MarathiUT.SESSION+category:name:android.intent.category.DEFAULT
ADDED from src\main\AndroidManifest.xml:125:13-129:29
action#game.MarathiUT.SESSION
ADDED from src\main\AndroidManifest.xml:126:17-65
	android:name
		ADDED from src\main\AndroidManifest.xml:126:25-62
activity#game.Typing.sessiondetails
ADDED from src\main\AndroidManifest.xml:131:9-145:20
	android:screenOrientation
		ADDED from src\main\AndroidManifest.xml:136:13-49
	android:parentActivityName
		ADDED from src\main\AndroidManifest.xml:135:13-65
	android:label
		ADDED from src\main\AndroidManifest.xml:134:13-66
	android:configChanges
		ADDED from src\main\AndroidManifest.xml:133:13-48
	android:name
		ADDED from src\main\AndroidManifest.xml:132:13-54
intent-filter#action:name:game.MarathiUT.sessiondetails+category:name:android.intent.category.DEFAULT
ADDED from src\main\AndroidManifest.xml:140:13-144:29
action#game.MarathiUT.sessiondetails
ADDED from src\main\AndroidManifest.xml:141:17-72
	android:name
		ADDED from src\main\AndroidManifest.xml:141:25-69
activity#game.Typing.Type
ADDED from src\main\AndroidManifest.xml:146:9-161:20
	android:screenOrientation
		ADDED from src\main\AndroidManifest.xml:152:13-49
	android:parentActivityName
		ADDED from src\main\AndroidManifest.xml:151:13-61
	android:label
		ADDED from src\main\AndroidManifest.xml:149:13-56
	android:configChanges
		ADDED from src\main\AndroidManifest.xml:148:13-48
	android:name
		ADDED from src\main\AndroidManifest.xml:147:13-44
intent-filter#action:name:game.MarathiUT.TYPE+category:name:android.intent.category.DEFAULT
ADDED from src\main\AndroidManifest.xml:156:13-160:29
action#game.MarathiUT.TYPE
ADDED from src\main\AndroidManifest.xml:157:17-62
	android:name
		ADDED from src\main\AndroidManifest.xml:157:25-59
activity#game.Typing.Training
ADDED from src\main\AndroidManifest.xml:162:10-180:16
	android:screenOrientation
		ADDED from src\main\AndroidManifest.xml:169:9-45
	android:parentActivityName
		ADDED from src\main\AndroidManifest.xml:168:9-57
	android:label
		ADDED from src\main\AndroidManifest.xml:165:9-56
	android:windowSoftInputMode
		ADDED from src\main\AndroidManifest.xml:170:9-51
	android:noHistory
		ADDED from src\main\AndroidManifest.xml:166:9-33
	android:configChanges
		ADDED from src\main\AndroidManifest.xml:164:9-44
	android:theme
		ADDED from src\main\AndroidManifest.xml:167:9-68
	android:name
		ADDED from src\main\AndroidManifest.xml:163:9-44
intent-filter#action:name:game.MarathiUT.TRAINING+category:name:android.intent.category.DEFAULT
ADDED from src\main\AndroidManifest.xml:175:9-179:25
action#game.MarathiUT.TRAINING
ADDED from src\main\AndroidManifest.xml:176:13-62
	android:name
		ADDED from src\main\AndroidManifest.xml:176:21-59
activity#game.Typing.FTU
ADDED from src\main\AndroidManifest.xml:183:9-201:20
	android:screenOrientation
		ADDED from src\main\AndroidManifest.xml:190:13-49
	android:parentActivityName
		ADDED from src\main\AndroidManifest.xml:189:13-61
	android:label
		ADDED from src\main\AndroidManifest.xml:187:13-55
	android:windowSoftInputMode
		ADDED from src\main\AndroidManifest.xml:191:13-55
	android:noHistory
		ADDED from src\main\AndroidManifest.xml:188:13-37
	android:configChanges
		ADDED from src\main\AndroidManifest.xml:186:13-48
	android:theme
		ADDED from src\main\AndroidManifest.xml:185:13-72
	android:name
		ADDED from src\main\AndroidManifest.xml:184:13-43
intent-filter#action:name:game.MarathiUT.FTU+category:name:android.intent.category.DEFAULT
ADDED from src\main\AndroidManifest.xml:196:13-200:29
action#game.MarathiUT.FTU
ADDED from src\main\AndroidManifest.xml:197:17-61
	android:name
		ADDED from src\main\AndroidManifest.xml:197:25-58
activity#game.Typing.Longitudinal
ADDED from src\main\AndroidManifest.xml:202:10-219:20
	android:screenOrientation
		ADDED from src\main\AndroidManifest.xml:209:13-49
	android:parentActivityName
		ADDED from src\main\AndroidManifest.xml:208:13-61
	android:label
		ADDED from src\main\AndroidManifest.xml:205:13-55
	android:windowSoftInputMode
		ADDED from src\main\AndroidManifest.xml:210:13-55
	android:noHistory
		ADDED from src\main\AndroidManifest.xml:207:13-37
	android:configChanges
		ADDED from src\main\AndroidManifest.xml:204:13-48
	android:theme
		ADDED from src\main\AndroidManifest.xml:206:14-73
	android:name
		ADDED from src\main\AndroidManifest.xml:203:13-52
intent-filter#action:name:game.MarathiUT.LONGITUDINAL+category:name:android.intent.category.DEFAULT
ADDED from src\main\AndroidManifest.xml:214:13-218:29
action#game.MarathiUT.LONGITUDINAL
ADDED from src\main\AndroidManifest.xml:215:17-70
	android:name
		ADDED from src\main\AndroidManifest.xml:215:25-67
activity#game.Typing.Explore
ADDED from src\main\AndroidManifest.xml:220:10-236:20
	android:screenOrientation
		ADDED from src\main\AndroidManifest.xml:226:13-49
	android:parentActivityName
		ADDED from src\main\AndroidManifest.xml:225:13-61
	android:label
		ADDED from src\main\AndroidManifest.xml:224:13-59
	android:windowSoftInputMode
		ADDED from src\main\AndroidManifest.xml:227:13-55
	android:configChanges
		ADDED from src\main\AndroidManifest.xml:222:13-48
	android:theme
		ADDED from src\main\AndroidManifest.xml:223:14-73
	android:name
		ADDED from src\main\AndroidManifest.xml:221:13-47
intent-filter#action:name:game.MarathiUT.EXPLORE+category:name:android.intent.category.DEFAULT
ADDED from src\main\AndroidManifest.xml:231:13-235:29
action#game.MarathiUT.EXPLORE
ADDED from src\main\AndroidManifest.xml:232:17-65
	android:name
		ADDED from src\main\AndroidManifest.xml:232:25-62
activity#game.Typing.SessionFeedback
ADDED from src\main\AndroidManifest.xml:237:9-252:20
	android:screenOrientation
		ADDED from src\main\AndroidManifest.xml:243:13-49
	android:parentActivityName
		ADDED from src\main\AndroidManifest.xml:242:13-61
	android:label
		ADDED from src\main\AndroidManifest.xml:240:13-68
	android:noHistory
		ADDED from src\main\AndroidManifest.xml:241:14-38
	android:configChanges
		ADDED from src\main\AndroidManifest.xml:239:13-48
	android:name
		ADDED from src\main\AndroidManifest.xml:238:13-55
intent-filter#action:name:game.MarathiUT.SESSIONFEEDBACK+category:name:android.intent.category.DEFAULT
ADDED from src\main\AndroidManifest.xml:247:13-251:29
action#game.MarathiUT.SESSIONFEEDBACK
ADDED from src\main\AndroidManifest.xml:248:17-73
	android:name
		ADDED from src\main\AndroidManifest.xml:248:25-70
activity#game.Typing.Gamification
ADDED from src\main\AndroidManifest.xml:253:9-268:20
	android:screenOrientation
		ADDED from src\main\AndroidManifest.xml:259:13-49
	android:parentActivityName
		ADDED from src\main\AndroidManifest.xml:258:13-61
	android:label
		ADDED from src\main\AndroidManifest.xml:256:13-69
	android:noHistory
		ADDED from src\main\AndroidManifest.xml:257:13-37
	android:configChanges
		ADDED from src\main\AndroidManifest.xml:255:13-48
	android:name
		ADDED from src\main\AndroidManifest.xml:254:13-52
intent-filter#action:name:game.MarathiUT.GAMIFICATION+category:name:android.intent.category.DEFAULT
ADDED from src\main\AndroidManifest.xml:263:13-267:29
action#game.MarathiUT.GAMIFICATION
ADDED from src\main\AndroidManifest.xml:264:17-70
	android:name
		ADDED from src\main\AndroidManifest.xml:264:25-67
uses-sdk
INJECTED from src\main\AndroidManifest.xml reason: use-sdk injection requested
INJECTED from src\main\AndroidManifest.xml
INJECTED from src\main\AndroidManifest.xml
MERGED from [com.android.support:appcompat-v7:23.1.0] AndroidManifest.xml:20:5-43
MERGED from [com.android.support:appcompat-v7:23.1.0] AndroidManifest.xml:20:5-43
MERGED from [com.android.support:support-v4:23.1.0] AndroidManifest.xml:20:5-43
MERGED from [com.android.support:support-v4:23.1.0] AndroidManifest.xml:20:5-43
INJECTED from src\main\AndroidManifest.xml
INJECTED from src\main\AndroidManifest.xml
	android:targetSdkVersion
		INJECTED from src\main\AndroidManifest.xml
		ADDED from src\main\AndroidManifest.xml
		INJECTED from src\main\AndroidManifest.xml
	android:minSdkVersion
		INJECTED from src\main\AndroidManifest.xml
		ADDED from src\main\AndroidManifest.xml
		INJECTED from src\main\AndroidManifest.xml